-- Configuring done (0.0s)
-- Generating done (0.0s)
-- Build files have been written to: /home/mds222/SAM-HPC/build
[  0%] Built target csc_matrix
[  0%] Built target sam_func
[  0%] Built target householderQR
[  0%] Built target mgsQR
[  0%] Built target config
[ 25%] Building CXX object benchmark/CMakeFiles/microbench.dir/microbench.cpp.o
[ 50%] Linking CXX executable microbench
[ 50%] Built target microbench
[ 75%] Building CXX object benchmark/CMakeFiles/microbench_parallel.dir/microbench_parallel.cpp.o
[100%] Linking CXX executable microbench_parallel
[100%] Built target microbench_parallel
Running with 2 threads...
./run_microbench.sh: line 20: ./build/benchmark/microbenchmark_parallel: No such file or directory
Running with 4 threads...
./run_microbench.sh: line 20: ./build/benchmark/microbenchmark_parallel: No such file or directory
Running with 8 threads...
./run_microbench.sh: line 20: ./build/benchmark/microbenchmark_parallel: No such file or directory
Running with 32 threads...
./run_microbench.sh: line 20: ./build/benchmark/microbenchmark_parallel: No such file or directory
Running with 64 threads...
./run_microbench.sh: line 20: ./build/benchmark/microbenchmark_parallel: No such file or directory
Running with 92 threads...
./run_microbench.sh: line 20: ./build/benchmark/microbenchmark_parallel: No such file or directory
Running with 128 threads...
./run_microbench.sh: line 20: ./build/benchmark/microbenchmark_parallel: No such file or directory
-- Configuring done (0.0s)
-- Generating done (0.0s)
-- Build files have been written to: /home/mds222/SAM-HPC/build
[  0%] Built target csc_matrix
[  0%] Built target sam_func
[  0%] Built target householderQR
[  0%] Built target mgsQR
[  0%] Built target config
[ 25%] Building CXX object benchmark/CMakeFiles/microbench.dir/microbench.cpp.o
[ 50%] Linking CXX executable microbench
[ 50%] Built target microbench
[ 75%] Building CXX object benchmark/CMakeFiles/microbench_parallel.dir/microbench_parallel.cpp.o
[100%] Linking CXX executable microbench_parallel
[100%] Built target microbench_parallel
Running with 2 threads...
./run_microbench.sh: line 20: ./build/benchmark/microbenchmark_parallel: No such file or directory
Running with 4 threads...
./run_microbench.sh: line 20: ./build/benchmark/microbenchmark_parallel: No such file or directory
Running with 8 threads...
./run_microbench.sh: line 20: ./build/benchmark/microbenchmark_parallel: No such file or directory
Running with 32 threads...
./run_microbench.sh: line 20: ./build/benchmark/microbenchmark_parallel: No such file or directory
Running with 64 threads...
./run_microbench.sh: line 20: ./build/benchmark/microbenchmark_parallel: No such file or directory
Running with 92 threads...
./run_microbench.sh: line 20: ./build/benchmark/microbenchmark_parallel: No such file or directory
Running with 128 threads...
./run_microbench.sh: line 20: ./build/benchmark/microbenchmark_parallel: No such file or directory
make: *** No rule to make target 'clean'.  Stop.
-- The CXX compiler identification is GNU 12.3.0
-- Detecting CXX compiler ABI info
-- Detecting CXX compiler ABI info - done
-- Check for working CXX compiler: /usr/bin/c++ - skipped
-- Detecting CXX compile features
-- Detecting CXX compile features - done
-- The C compiler identification is GNU 12.3.0
-- Detecting C compiler ABI info
-- Detecting C compiler ABI info - done
-- Check for working C compiler: /usr/bin/cc - skipped
-- Detecting C compile features
-- Detecting C compile features - done
-- Configuring done (0.6s)
-- Generating done (0.0s)
-- Build files have been written to: /home/mds222/SAM-HPC/build
[  0%] Built target csc_matrix
[  0%] Built target sam_func
[  0%] Built target householderQR
[  0%] Built target mgsQR
[  0%] Built target config
[ 25%] Building CXX object benchmark/CMakeFiles/microbench.dir/microbench.cpp.o
[ 50%] Linking CXX executable microbench
[ 50%] Built target microbench
[ 75%] Building CXX object benchmark/CMakeFiles/microbench_parallel.dir/microbench_parallel.cpp.o
[100%] Linking CXX executable microbench_parallel
[100%] Built target microbench_parallel
Running with 2 threads...
./run_microbench.sh: line 20: ./build/benchmark/microbenchmark_parallel: No such file or directory
Running with 4 threads...
./run_microbench.sh: line 20: ./build/benchmark/microbenchmark_parallel: No such file or directory
Running with 8 threads...
./run_microbench.sh: line 20: ./build/benchmark/microbenchmark_parallel: No such file or directory
Running with 32 threads...
./run_microbench.sh: line 20: ./build/benchmark/microbenchmark_parallel: No such file or directory
Running with 64 threads...
./run_microbench.sh: line 20: ./build/benchmark/microbenchmark_parallel: No such file or directory
Running with 92 threads...
./run_microbench.sh: line 20: ./build/benchmark/microbenchmark_parallel: No such file or directory
Running with 128 threads...
./run_microbench.sh: line 20: ./build/benchmark/microbenchmark_parallel: No such file or directory
-- Configuring done (0.0s)
-- Generating done (0.0s)
-- Build files have been written to: /home/mds222/SAM-HPC/build
[  0%] Built target csc_matrix
[  0%] Built target sam_func
[  0%] Built target householderQR
[  0%] Built target mgsQR
[  0%] Built target config
[ 25%] Building CXX object benchmark/CMakeFiles/microbench.dir/microbench.cpp.o
[ 50%] Linking CXX executable microbench
[ 50%] Built target microbench
[ 75%] Building CXX object benchmark/CMakeFiles/microbench_parallel.dir/microbench_parallel.cpp.o
[100%] Linking CXX executable microbench_parallel
[100%] Built target microbench_parallel
Running with 2 threads...
./run_microbench.sh: line 20: ./build/benchmark/microbenchmark_parallel: No such file or directory
Running with 4 threads...
./run_microbench.sh: line 20: ./build/benchmark/microbenchmark_parallel: No such file or directory
Running with 8 threads...
./run_microbench.sh: line 20: ./build/benchmark/microbenchmark_parallel: No such file or directory
Running with 32 threads...
./run_microbench.sh: line 20: ./build/benchmark/microbenchmark_parallel: No such file or directory
Running with 64 threads...
./run_microbench.sh: line 20: ./build/benchmark/microbenchmark_parallel: No such file or directory
Running with 92 threads...
./run_microbench.sh: line 20: ./build/benchmark/microbenchmark_parallel: No such file or directory
Running with 128 threads...
./run_microbench.sh: line 20: ./build/benchmark/microbenchmark_parallel: No such file or directory
-- Configuring done (0.0s)
-- Generating done (0.0s)
-- Build files have been written to: /home/mds222/SAM-HPC/build
[  0%] Built target csc_matrix
[  0%] Built target sam_func
[  0%] Built target householderQR
[  0%] Built target mgsQR
[  0%] Built target config
[ 25%] Building CXX object benchmark/CMakeFiles/microbench.dir/microbench.cpp.o
[ 50%] Linking CXX executable microbench
[ 50%] Built target microbench
[ 75%] Building CXX object benchmark/CMakeFiles/microbench_parallel.dir/microbench_parallel.cpp.o
[100%] Linking CXX executable microbench_parallel
[100%] Built target microbench_parallel
Running with 2 threads...
./run_microbench.sh: line 18: ./build/benchmark/microbenchmark_parallel: No such file or directory
Running with 4 threads...
./run_microbench.sh: line 21: ./build/benchmark/microbenchmark_parallel: No such file or directory
Running with 8 threads...
./run_microbench.sh: line 24: ./build/benchmark/microbenchmark_parallel: No such file or directory
Running with 16 threads...
./run_microbench.sh: line 27: ./build/benchmark/microbenchmark_parallel: No such file or directory
Running with 32 threads...
./run_microbench.sh: line 30: ./build/benchmark/microbenchmark_parallel: No such file or directory
Running with 64 threads...
./run_microbench.sh: line 33: ./build/benchmark/microbenchmark_parallel: No such file or directory
Running with 96 threads...
./run_microbench.sh: line 36: ./build/benchmark/microbenchmark_parallel: No such file or directory
Running with 128 threads...
./run_microbench.sh: line 39: ./build/benchmark/microbenchmark_parallel: No such file or directory
-- Configuring done (0.0s)
-- Generating done (0.0s)
-- Build files have been written to: /home/mds222/SAM-HPC/build
[  0%] Built target csc_matrix
[  0%] Built target sam_func
[  0%] Built target householderQR
[  0%] Built target mgsQR
[  0%] Built target config
[ 25%] Building CXX object benchmark/CMakeFiles/microbench.dir/microbench.cpp.o
[ 50%] Linking CXX executable microbench
[ 50%] Built target microbench
[ 75%] Building CXX object benchmark/CMakeFiles/microbench_parallel.dir/microbench_parallel.cpp.o
[100%] Linking CXX executable microbench_parallel
[100%] Built target microbench_parallel
./run_microbench.sh: line 18: ./build/benchmark/microbenchmark_parallel: No such file or directory
./run_microbench.sh: line 21: ./build/benchmark/microbenchmark_parallel: No such file or directory
./run_microbench.sh: line 24: ./build/benchmark/microbenchmark_parallel: No such file or directory
./run_microbench.sh: line 27: ./build/benchmark/microbenchmark_parallel: No such file or directory
./run_microbench.sh: line 30: ./build/benchmark/microbenchmark_parallel: No such file or directory
./run_microbench.sh: line 33: ./build/benchmark/microbenchmark_parallel: No such file or directory
./run_microbench.sh: line 36: ./build/benchmark/microbenchmark_parallel: No such file or directory
./run_microbench.sh: line 39: ./build/benchmark/microbenchmark_parallel: No such file or directory
-- Configuring done (0.0s)
-- Generating done (0.0s)
-- Build files have been written to: /home/mds222/SAM-HPC/build
[  0%] Built target csc_matrix
[  0%] Built target sam_func
[  0%] Built target householderQR
[  0%] Built target mgsQR
[  0%] Built target config
[ 25%] Building CXX object benchmark/CMakeFiles/microbench.dir/microbench.cpp.o
[ 50%] Linking CXX executable microbench
[ 50%] Built target microbench
[ 75%] Building CXX object benchmark/CMakeFiles/microbench_parallel.dir/microbench_parallel.cpp.o
[100%] Linking CXX executable microbench_parallel
[100%] Built target microbench_parallel
